Wed Dec 02 10:43:33 CET 2015 : Apache Derby Network Server - 10.11.1.2 - (1629631) started and ready to accept connections on port 1527
----------------------------------------------------------------
Wed Dec 02 10:43:33 CET 2015:
Booting Derby version The Apache Software Foundation - Apache Derby - 10.11.1.2 - (1629631): instance a816c00e-0151-6213-55e0-ffffb9bda1fd 
on database directory C:\Users\John\Documents\SysDis\BDsysDis with class loader sun.misc.Launcher$AppClassLoader@5e2de80c 
Loaded from file:/C:/Program%20Files/Java/jdk1.8.0_60/db/lib/derby.jar
java.vendor=Oracle Corporation
java.runtime.version=1.8.0_60-b27
user.dir=C:\Program Files\Java\jdk1.8.0_60\db
os.name=Windows 7
os.arch=amd64
os.version=6.1
derby.system.home=C:\Users\John\Documents\SysDis
Database Class Loader started - derby.database.classpath=''
----------------------------------------------------------------
Wed Dec 02 10:43:42 CET 2015:
Shutting down instance a816c00e-0151-6213-55e0-ffffb9bda1fd on database directory C:\Users\John\Documents\SysDis\BDsysDis with class loader sun.misc.Launcher$AppClassLoader@5e2de80c 
Wed Dec 02 10:43:42 CET 2015 Thread[DRDAConnThread_2,5,main] (DATABASE = BDsysDis), (DRDAID = {2}), Database 'BDsysDis' shutdown.
----------------------------------------------------------------
Wed Dec 02 10:43:45 CET 2015:
Booting Derby version The Apache Software Foundation - Apache Derby - 10.11.1.2 - (1629631): instance a65c80ac-0151-6213-55e0-ffffb9bda1fd 
on database directory C:\Users\John\Documents\SysDis\BDsysDis with class loader sun.misc.Launcher$AppClassLoader@5e2de80c 
Loaded from file:/C:/Program%20Files/Java/jdk1.8.0_60/db/lib/derby.jar
java.vendor=Oracle Corporation
java.runtime.version=1.8.0_60-b27
user.dir=C:\Program Files\Java\jdk1.8.0_60\db
os.name=Windows 7
os.arch=amd64
os.version=6.1
derby.system.home=C:\Users\John\Documents\SysDis
Database Class Loader started - derby.database.classpath=''
----------------------------------------------------------------
Wed Dec 02 12:01:58 CET 2015: Shutting down Derby engine
